<?xml version="1.0" encoding="UTF-8"?>
<!-- Generated by org.testng.reporters.JUnitXMLReporter -->
<testsuite ignored="0" hostname="DESKTOP-9IUS08F" failures="2" tests="2" name="SDET" time="12.788" errors="0" timestamp="2020-02-23T18:44:07 GMT-06:00">
  <testcase classname="com.sdet.testcases.Login" name="@AfterTest closeBrowser" time="0.125">
    <failure type="java.lang.NullPointerException">
      <![CDATA[java.lang.NullPointerException
at com.sdet.testcases.Login.closeBrowser(Login.java:95)
... Removed 24 stack frames]]>
    </failure>
  </testcase> <!-- @AfterTest closeBrowser -->
  <testcase classname="com.sdet.testcases.Login" name="loginTest" time="0.002">
    <failure type="java.lang.NullPointerException">
      <![CDATA[java.lang.NullPointerException
at com.sdet.testcases.Login.loginTest(Login.java:53)
at java.base/java.util.ArrayList.forEach(ArrayList.java:1507)
... Removed 27 stack frames]]>
    </failure>
  </testcase> <!-- loginTest -->
  <testcase classname="com.sdet.testcases.Login" name="homePageTest" time="0.001">
    <failure type="java.lang.NullPointerException">
      <![CDATA[java.lang.NullPointerException
at com.sdet.testcases.Login.homePageTest(Login.java:61)
at java.base/java.util.ArrayList.forEach(ArrayList.java:1507)
... Removed 27 stack frames]]>
    </failure>
  </testcase> <!-- homePageTest -->
</testsuite> <!-- SDET -->
