<?xml version="1.0" encoding="UTF-8"?>
<!-- Generated by org.testng.reporters.JUnitXMLReporter -->
<testsuite ignored="0" hostname="DESKTOP-9IUS08F" failures="0" tests="3" name="SDET Automation Test Cases" time="25.135" errors="0" timestamp="2020-02-23T13:45:07 GMT-06:00">
  <testcase classname="com.sdet.testcases.LoginPageTest" name="loginTest" time="2.498"/>
  <testcase classname="com.sdet.testcases.LoginPageTest" name="homePageTest" time="0.855"/>
  <testcase classname="com.sdet.testcases.LoginPageTest" name="endtoendTest" time="5.74"/>
</testsuite> <!-- SDET Automation Test Cases -->
