<?xml version="1.0" encoding="UTF-8"?>
<!-- Generated by org.testng.reporters.JUnitXMLReporter -->
<testsuite ignored="0" hostname="DESKTOP-9IUS08F" failures="0" tests="3" name="SDET Automation Test Cases" time="28.251" errors="0" timestamp="2020-02-23T19:33:10 GMT-06:00">
  <testcase classname="com.sdet.testcases.OrderPlacementDBValidation" name="loginTest" time="3.394"/>
  <testcase classname="com.sdet.testcases.OrderPlacementDBValidation" name="homePageTest" time="1.315"/>
  <testcase classname="com.sdet.testcases.OrderPlacementDBValidation" name="endtoendTest" time="9.261"/>
</testsuite> <!-- SDET Automation Test Cases -->
