<?xml version="1.0" encoding="UTF-8"?>
<!-- Generated by org.testng.reporters.JUnitXMLReporter -->
<testsuite ignored="0" hostname="DESKTOP-9IUS08F" failures="0" tests="3" name="Default test" time="22.03" errors="0" timestamp="2020-02-23T13:29:09 GMT-06:00">
  <testcase classname="com.sdet.testcases.LoginPageTest" name="loginTest" time="2.429"/>
  <testcase classname="com.sdet.testcases.LoginPageTest" name="homePageTest" time="0.881"/>
  <testcase classname="com.sdet.testcases.LoginPageTest" name="endtoendTest" time="5.366"/>
</testsuite> <!-- Default test -->
