<?xml version="1.0" encoding="UTF-8"?>
<testng-results ignored="0" total="3" passed="3" failed="0" skipped="0">
  <reporter-output>
  </reporter-output>
  <suite started-at="2020-02-23T17:47:27 GMT-06:00" name="SDET Automation Assignment Test Suite" finished-at="2020-02-23T17:47:51 GMT-06:00" duration-ms="23478">
    <groups>
    </groups>
    <test started-at="2020-02-23T17:47:27 GMT-06:00" name="SDET Automation Test Cases" finished-at="2020-02-23T17:47:51 GMT-06:00" duration-ms="23478">
      <class name="com.sdet.testcases.OrderPlacement">
        <test-method is-config="true" signature="setUp()[pri:0, instance:com.sdet.testcases.OrderPlacement@222545dc]" started-at="2020-02-23T17:47:28 GMT-06:00" name="setUp" finished-at="2020-02-23T17:47:40 GMT-06:00" duration-ms="12907" status="PASS">
          <reporter-output>
          </reporter-output>
        </test-method> <!-- setUp -->
        <test-method signature="loginTest()[pri:1, instance:com.sdet.testcases.OrderPlacement@222545dc]" started-at="2020-02-23T17:47:40 GMT-06:00" name="loginTest" finished-at="2020-02-23T17:47:43 GMT-06:00" duration-ms="2646" status="PASS">
          <reporter-output>
          </reporter-output>
        </test-method> <!-- loginTest -->
        <test-method signature="homePageTest()[pri:2, instance:com.sdet.testcases.OrderPlacement@222545dc]" started-at="2020-02-23T17:47:43 GMT-06:00" name="homePageTest" finished-at="2020-02-23T17:47:44 GMT-06:00" duration-ms="897" status="PASS">
          <reporter-output>
          </reporter-output>
        </test-method> <!-- homePageTest -->
        <test-method signature="endtoendTest()[pri:3, instance:com.sdet.testcases.OrderPlacement@222545dc]" started-at="2020-02-23T17:47:44 GMT-06:00" name="endtoendTest" finished-at="2020-02-23T17:47:50 GMT-06:00" duration-ms="6174" status="PASS">
          <reporter-output>
          </reporter-output>
        </test-method> <!-- endtoendTest -->
        <test-method is-config="true" signature="closeBrowser()[pri:0, instance:com.sdet.testcases.OrderPlacement@222545dc]" started-at="2020-02-23T17:47:50 GMT-06:00" name="closeBrowser" finished-at="2020-02-23T17:47:51 GMT-06:00" duration-ms="790" status="PASS">
          <reporter-output>
          </reporter-output>
        </test-method> <!-- closeBrowser -->
      </class> <!-- com.sdet.testcases.OrderPlacement -->
    </test> <!-- SDET Automation Test Cases -->
  </suite> <!-- SDET Automation Assignment Test Suite -->
</testng-results>
